[0.012s] Invoking command in '/home/ashwin/dev_ws/build/my_bot': CMAKE_PREFIX_PATH=${CMAKE_PREFIX_PATH}:/opt/ros/foxy /usr/bin/cmake --build /home/ashwin/dev_ws/build/my_bot -- -j8 -l8
[0.042s] Invoked command in '/home/ashwin/dev_ws/build/my_bot' returned '0': CMAKE_PREFIX_PATH=${CMAKE_PREFIX_PATH}:/opt/ros/foxy /usr/bin/cmake --build /home/ashwin/dev_ws/build/my_bot -- -j8 -l8
[0.064s] Invoking command in '/home/ashwin/dev_ws/build/my_bot': CMAKE_PREFIX_PATH=${CMAKE_PREFIX_PATH}:/opt/ros/foxy /usr/bin/cmake --install /home/ashwin/dev_ws/build/my_bot
[0.071s] -- Install configuration: ""
[0.071s] -- Execute custom install script
[0.072s] -- Up-to-date symlink: /home/ashwin/dev_ws/install/my_bot/share/my_bot/config/empty.yaml
[0.072s] -- Up-to-date symlink: /home/ashwin/dev_ws/install/my_bot/share/my_bot/config/view_bot.rviz
[0.072s] -- Symlinking: /home/ashwin/dev_ws/install/my_bot/share/my_bot/description/gazebo_control.xacro
[0.079s] -- Up-to-date symlink: /home/ashwin/dev_ws/install/my_bot/share/my_bot/description/inertial_macros.xacro
[0.079s] -- Up-to-date symlink: /home/ashwin/dev_ws/install/my_bot/share/my_bot/description/robot.urdf.xacro
[0.080s] -- Up-to-date symlink: /home/ashwin/dev_ws/install/my_bot/share/my_bot/description/robot_core.xacro
[0.080s] -- Up-to-date symlink: /home/ashwin/dev_ws/install/my_bot/share/my_bot/launch/launch_sim.launch.py
[0.080s] -- Up-to-date symlink: /home/ashwin/dev_ws/install/my_bot/share/my_bot/launch/rsp.launch.py
[0.080s] -- Up-to-date symlink: /home/ashwin/dev_ws/install/my_bot/share/my_bot/worlds/empty.world
[0.081s] -- Up-to-date symlink: /home/ashwin/dev_ws/install/my_bot/share/ament_index/resource_index/package_run_dependencies/my_bot
[0.081s] -- Up-to-date symlink: /home/ashwin/dev_ws/install/my_bot/share/ament_index/resource_index/parent_prefix_path/my_bot
[0.081s] -- Up-to-date symlink: /home/ashwin/dev_ws/install/my_bot/share/my_bot/environment/ament_prefix_path.sh
[0.081s] -- Up-to-date symlink: /home/ashwin/dev_ws/install/my_bot/share/my_bot/environment/ament_prefix_path.dsv
[0.081s] -- Up-to-date symlink: /home/ashwin/dev_ws/install/my_bot/share/my_bot/environment/path.sh
[0.082s] -- Up-to-date symlink: /home/ashwin/dev_ws/install/my_bot/share/my_bot/environment/path.dsv
[0.082s] -- Up-to-date symlink: /home/ashwin/dev_ws/install/my_bot/share/my_bot/local_setup.bash
[0.082s] -- Up-to-date symlink: /home/ashwin/dev_ws/install/my_bot/share/my_bot/local_setup.sh
[0.082s] -- Up-to-date symlink: /home/ashwin/dev_ws/install/my_bot/share/my_bot/local_setup.zsh
[0.082s] -- Up-to-date symlink: /home/ashwin/dev_ws/install/my_bot/share/my_bot/local_setup.dsv
[0.083s] -- Symlinking: /home/ashwin/dev_ws/install/my_bot/share/my_bot/package.dsv
[0.090s] -- Up-to-date symlink: /home/ashwin/dev_ws/install/my_bot/share/ament_index/resource_index/packages/my_bot
[0.090s] -- Up-to-date symlink: /home/ashwin/dev_ws/install/my_bot/share/my_bot/cmake/my_botConfig.cmake
[0.090s] -- Up-to-date symlink: /home/ashwin/dev_ws/install/my_bot/share/my_bot/cmake/my_botConfig-version.cmake
[0.090s] -- Up-to-date symlink: /home/ashwin/dev_ws/install/my_bot/share/my_bot/package.xml
[0.092s] Invoked command in '/home/ashwin/dev_ws/build/my_bot' returned '0': CMAKE_PREFIX_PATH=${CMAKE_PREFIX_PATH}:/opt/ros/foxy /usr/bin/cmake --install /home/ashwin/dev_ws/build/my_bot
