[0.009s] Invoking command in '/home/ashwin/dev_ws/build/my_bot': CMAKE_PREFIX_PATH=/opt/ros/foxy /usr/bin/cmake /home/ashwin/dev_ws/src/my_bot -DAMENT_CMAKE_SYMLINK_INSTALL=1 -DCMAKE_INSTALL_PREFIX=/home/ashwin/dev_ws/install/my_bot
[1.237s] -- The C compiler identification is GNU 9.4.0
[2.101s] -- The CXX compiler identification is GNU 9.4.0
[2.106s] -- Check for working C compiler: /usr/bin/cc
[2.158s] -- Check for working C compiler: /usr/bin/cc -- works
[2.159s] -- Detecting C compiler ABI info
[2.231s] -- Detecting C compiler ABI info - done
[2.244s] -- Detecting C compile features
[2.280s] -- Detecting C compile features - done
[2.291s] -- Check for working CXX compiler: /usr/bin/c++
[2.370s] -- Check for working CXX compiler: /usr/bin/c++ -- works
[2.371s] -- Detecting CXX compiler ABI info
[2.462s] -- Detecting CXX compiler ABI info - done
[2.477s] -- Detecting CXX compile features
[2.477s] -- Detecting CXX compile features - done
[2.480s] -- Found ament_cmake: 0.9.12 (/opt/ros/foxy/share/ament_cmake/cmake)
[2.510s] -- Found PythonInterp: /usr/bin/python3 (found suitable version "3.8.10", minimum required is "3") 
[2.510s] -- Using PYTHON_EXECUTABLE: /usr/bin/python3
[2.719s] -- Override CMake install command with custom implementation using symlinks instead of copying resources
[2.751s] -- Found ament_lint_auto: 0.9.8 (/opt/ros/foxy/share/ament_lint_auto/cmake)
[2.882s] -- Added test 'copyright' to check source files copyright and LICENSE
[2.888s] -- Added test 'flake8' to check Python code syntax and style conventions
[2.889s] -- Added test 'lint_cmake' to check CMake code style
[2.889s] -- Added test 'pep257' to check Python code against some of the style conventions in PEP 257
[2.892s] -- Added test 'xmllint' to check XML markup files
[2.895s] -- Configuring done
[2.897s] -- Generating done
[2.897s] -- Build files have been written to: /home/ashwin/dev_ws/build/my_bot
[2.901s] Invoked command in '/home/ashwin/dev_ws/build/my_bot' returned '0': CMAKE_PREFIX_PATH=/opt/ros/foxy /usr/bin/cmake /home/ashwin/dev_ws/src/my_bot -DAMENT_CMAKE_SYMLINK_INSTALL=1 -DCMAKE_INSTALL_PREFIX=/home/ashwin/dev_ws/install/my_bot
[2.903s] Invoking command in '/home/ashwin/dev_ws/build/my_bot': CMAKE_PREFIX_PATH=/opt/ros/foxy /usr/bin/cmake --build /home/ashwin/dev_ws/build/my_bot -- -j8 -l8
[2.947s] Invoked command in '/home/ashwin/dev_ws/build/my_bot' returned '0': CMAKE_PREFIX_PATH=/opt/ros/foxy /usr/bin/cmake --build /home/ashwin/dev_ws/build/my_bot -- -j8 -l8
[2.997s] Invoking command in '/home/ashwin/dev_ws/build/my_bot': CMAKE_PREFIX_PATH=/opt/ros/foxy /usr/bin/cmake --install /home/ashwin/dev_ws/build/my_bot
[3.012s] -- Install configuration: ""
[3.012s] -- Execute custom install script
[3.014s] -- Symlinking: /home/ashwin/dev_ws/install/my_bot/share/my_bot/config/empty.yaml
[3.031s] -- Symlinking: /home/ashwin/dev_ws/install/my_bot/share/my_bot/description/robot.urdf.xacro
[3.047s] -- Symlinking: /home/ashwin/dev_ws/install/my_bot/share/my_bot/launch/rsp.launch.py
[3.063s] -- Symlinking: /home/ashwin/dev_ws/install/my_bot/share/my_bot/worlds/empty.world
[3.080s] -- Symlinking: /home/ashwin/dev_ws/install/my_bot/share/ament_index/resource_index/package_run_dependencies/my_bot
[3.095s] -- Symlinking: /home/ashwin/dev_ws/install/my_bot/share/ament_index/resource_index/parent_prefix_path/my_bot
[3.107s] -- Symlinking: /home/ashwin/dev_ws/install/my_bot/share/my_bot/environment/ament_prefix_path.sh
[3.119s] -- Symlinking: /home/ashwin/dev_ws/install/my_bot/share/my_bot/environment/ament_prefix_path.dsv
[3.128s] -- Symlinking: /home/ashwin/dev_ws/install/my_bot/share/my_bot/environment/path.sh
[3.138s] -- Symlinking: /home/ashwin/dev_ws/install/my_bot/share/my_bot/environment/path.dsv
[3.147s] -- Symlinking: /home/ashwin/dev_ws/install/my_bot/share/my_bot/local_setup.bash
[3.158s] -- Symlinking: /home/ashwin/dev_ws/install/my_bot/share/my_bot/local_setup.sh
[3.168s] -- Symlinking: /home/ashwin/dev_ws/install/my_bot/share/my_bot/local_setup.zsh
[3.177s] -- Symlinking: /home/ashwin/dev_ws/install/my_bot/share/my_bot/local_setup.dsv
[3.188s] -- Symlinking: /home/ashwin/dev_ws/install/my_bot/share/my_bot/package.dsv
[3.198s] -- Symlinking: /home/ashwin/dev_ws/install/my_bot/share/ament_index/resource_index/packages/my_bot
[3.206s] -- Symlinking: /home/ashwin/dev_ws/install/my_bot/share/my_bot/cmake/my_botConfig.cmake
[3.215s] -- Symlinking: /home/ashwin/dev_ws/install/my_bot/share/my_bot/cmake/my_botConfig-version.cmake
[3.223s] -- Symlinking: /home/ashwin/dev_ws/install/my_bot/share/my_bot/package.xml
[3.236s] Invoked command in '/home/ashwin/dev_ws/build/my_bot' returned '0': CMAKE_PREFIX_PATH=/opt/ros/foxy /usr/bin/cmake --install /home/ashwin/dev_ws/build/my_bot
